[0m01:11:32.633046 [debug] [MainThread]: Sending event: {'category': 'dbt', 'action': 'invocation', 'label': 'start', 'context': [<snowplow_tracker.self_describing_json.SelfDescribingJson object at 0x758e9d64cb60>, <snowplow_tracker.self_describing_json.SelfDescribingJson object at 0x758e9bb342c0>, <snowplow_tracker.self_describing_json.SelfDescribingJson object at 0x758e9c44e330>]}


============================== 01:11:32.637417 | 9b66b77b-c4ac-4dfe-a923-3bb6d6a85a16 ==============================
[0m01:11:32.637417 [info ] [MainThread]: Running with dbt=1.9.3
[0m01:11:32.638015 [debug] [MainThread]: running dbt with arguments {'printer_width': '80', 'indirect_selection': 'eager', 'write_json': 'True', 'log_cache_events': 'False', 'partial_parse': 'True', 'cache_selected_only': 'False', 'profiles_dir': '/home/ubuntu/.dbt', 'version_check': 'True', 'fail_fast': 'False', 'log_path': 'logs', 'warn_error': 'None', 'debug': 'False', 'use_colors': 'True', 'use_experimental_parser': 'False', 'empty': 'None', 'quiet': 'False', 'no_print': 'None', 'warn_error_options': 'WarnErrorOptions(include=[], exclude=[])', 'introspect': 'True', 'log_format': 'default', 'invocation_command': 'dbt init gainers', 'target_path': 'None', 'static_parser': 'True', 'send_anonymous_usage_stats': 'True'}
[0m01:11:32.647191 [warn ] [MainThread]: [ConfigFolderDirectory]: Unable to parse logging event dictionary. Failed to parse dir field: expected string or bytes-like object, got 'PosixPath'.. Dictionary: {'dir': PosixPath('/home/ubuntu/.dbt')}
[0m01:11:32.648040 [info ] [MainThread]: Creating dbt configuration folder at 
[0m01:11:32.650552 [debug] [MainThread]: Starter project path: /home/ubuntu/SP25_DS5111_rmd9ev/env/lib/python3.12/site-packages/dbt/include/starter_project
[0m01:11:32.652232 [info ] [MainThread]: 
Your new dbt project "gainers" was created!

For more information on how to configure the profiles.yml file,
please consult the dbt documentation here:

  https://docs.getdbt.com/docs/configure-your-profile

One more thing:

Need help? Don't hesitate to reach out to us via GitHub issues or on Slack:

  https://community.getdbt.com/

Happy modeling!

[0m01:11:32.653057 [info ] [MainThread]: Setting up your profile.
[0m01:19:50.276834 [info ] [MainThread]: Profile gainers written to /home/ubuntu/.dbt/profiles.yml using target's profile_template.yml and your supplied values. Run 'dbt debug' to validate the connection.
[0m01:19:50.280047 [debug] [MainThread]: Resource report: {"command_name": "init", "command_success": true, "command_wall_clock_time": 497.7064, "process_in_blocks": "39128", "process_kernel_time": 0.181494, "process_mem_max_rss": "150028", "process_out_blocks": "80", "process_user_time": 1.94651}
[0m01:19:50.280486 [debug] [MainThread]: Command `dbt init` succeeded at 01:19:50.280390 after 497.71 seconds
[0m01:19:50.281323 [debug] [MainThread]: Sending event: {'category': 'dbt', 'action': 'invocation', 'label': 'end', 'context': [<snowplow_tracker.self_describing_json.SelfDescribingJson object at 0x758e9b7998b0>, <snowplow_tracker.self_describing_json.SelfDescribingJson object at 0x758e9b7dfda0>, <snowplow_tracker.self_describing_json.SelfDescribingJson object at 0x758e985952e0>]}
[0m01:19:50.281696 [debug] [MainThread]: Flushing usage events
[0m01:19:50.295469 [debug] [MainThread]: An error was encountered while trying to flush usage events
